<?xml version="1.0" encoding="UTF-8"?>
<testsuite name="com.mindex.challenge.service.impl.ReportingStructureServiceImplTest" tests="1" skipped="0" failures="0" errors="0" timestamp="2023-12-11T13:57:14" hostname="Pigers-MBP" time="0.735">
  <properties/>
  <testcase name="testReportingStructureTwoReports" classname="com.mindex.challenge.service.impl.ReportingStructureServiceImplTest" time="0.735"/>
  <system-out><![CDATA[08:57:10.179 [Test worker] DEBUG org.springframework.test.context.junit4.SpringJUnit4ClassRunner - SpringJUnit4ClassRunner constructor called with [class com.mindex.challenge.service.impl.ReportingStructureServiceImplTest]
08:57:10.188 [Test worker] DEBUG org.springframework.test.context.BootstrapUtils - Instantiating CacheAwareContextLoaderDelegate from class [org.springframework.test.context.cache.DefaultCacheAwareContextLoaderDelegate]
08:57:10.199 [Test worker] DEBUG org.springframework.test.context.BootstrapUtils - Instantiating BootstrapContext using constructor [public org.springframework.test.context.support.DefaultBootstrapContext(java.lang.Class,org.springframework.test.context.CacheAwareContextLoaderDelegate)]
08:57:10.240 [Test worker] DEBUG org.springframework.test.context.BootstrapUtils - Instantiating TestContextBootstrapper for test class [com.mindex.challenge.service.impl.ReportingStructureServiceImplTest] from class [org.springframework.boot.test.context.SpringBootTestContextBootstrapper]
08:57:10.261 [Test worker] INFO org.springframework.boot.test.context.SpringBootTestContextBootstrapper - Neither @ContextConfiguration nor @ContextHierarchy found for test class [com.mindex.challenge.service.impl.ReportingStructureServiceImplTest], using SpringBootContextLoader
08:57:10.270 [Test worker] DEBUG org.springframework.test.context.support.AbstractContextLoader - Did not detect default resource location for test class [com.mindex.challenge.service.impl.ReportingStructureServiceImplTest]: class path resource [com/mindex/challenge/service/impl/ReportingStructureServiceImplTest-context.xml] does not exist
08:57:10.271 [Test worker] DEBUG org.springframework.test.context.support.AbstractContextLoader - Did not detect default resource location for test class [com.mindex.challenge.service.impl.ReportingStructureServiceImplTest]: class path resource [com/mindex/challenge/service/impl/ReportingStructureServiceImplTestContext.groovy] does not exist
08:57:10.271 [Test worker] INFO org.springframework.test.context.support.AbstractContextLoader - Could not detect default resource locations for test class [com.mindex.challenge.service.impl.ReportingStructureServiceImplTest]: no resource found for suffixes {-context.xml, Context.groovy}.
08:57:10.272 [Test worker] INFO org.springframework.test.context.support.AnnotationConfigContextLoaderUtils - Could not detect default configuration classes for test class [com.mindex.challenge.service.impl.ReportingStructureServiceImplTest]: ReportingStructureServiceImplTest does not declare any static, non-private, non-final, nested classes annotated with @Configuration.
08:57:10.345 [Test worker] DEBUG org.springframework.test.context.support.ActiveProfilesUtils - Could not find an 'annotation declaring class' for annotation type [org.springframework.test.context.ActiveProfiles] and class [com.mindex.challenge.service.impl.ReportingStructureServiceImplTest]
08:57:10.472 [Test worker] DEBUG org.springframework.context.annotation.ClassPathScanningCandidateComponentProvider - Identified candidate component class: file [/Users/pigerapps/Downloads/mindex-java-code-challenge/build/classes/java/main/com/mindex/challenge/ChallengeApplication.class]
08:57:10.475 [Test worker] INFO org.springframework.boot.test.context.SpringBootTestContextBootstrapper - Found @SpringBootConfiguration com.mindex.challenge.ChallengeApplication for test class com.mindex.challenge.service.impl.ReportingStructureServiceImplTest
08:57:10.628 [Test worker] DEBUG org.springframework.boot.test.context.SpringBootTestContextBootstrapper - @TestExecutionListeners is not present for class [com.mindex.challenge.service.impl.ReportingStructureServiceImplTest]: using defaults.
08:57:10.629 [Test worker] INFO org.springframework.boot.test.context.SpringBootTestContextBootstrapper - Loaded default TestExecutionListener class names from location [META-INF/spring.factories]: [org.springframework.boot.test.autoconfigure.restdocs.RestDocsTestExecutionListener, org.springframework.boot.test.autoconfigure.web.client.MockRestServiceServerResetTestExecutionListener, org.springframework.boot.test.autoconfigure.web.servlet.MockMvcPrintOnlyOnFailureTestExecutionListener, org.springframework.boot.test.autoconfigure.web.servlet.WebDriverTestExecutionListener, org.springframework.boot.test.mock.mockito.MockitoTestExecutionListener, org.springframework.boot.test.mock.mockito.ResetMocksTestExecutionListener, org.springframework.test.context.web.ServletTestExecutionListener, org.springframework.test.context.support.DirtiesContextBeforeModesTestExecutionListener, org.springframework.test.context.support.DependencyInjectionTestExecutionListener, org.springframework.test.context.support.DirtiesContextTestExecutionListener, org.springframework.test.context.transaction.TransactionalTestExecutionListener, org.springframework.test.context.jdbc.SqlScriptsTestExecutionListener, org.springframework.test.context.event.EventPublishingTestExecutionListener]
08:57:10.654 [Test worker] INFO org.springframework.boot.test.context.SpringBootTestContextBootstrapper - Using TestExecutionListeners: [org.springframework.test.context.web.ServletTestExecutionListener@175b0c5c, org.springframework.test.context.support.DirtiesContextBeforeModesTestExecutionListener@1a94dcd3, org.springframework.boot.test.mock.mockito.MockitoTestExecutionListener@674d6101, org.springframework.boot.test.autoconfigure.SpringBootDependencyInjectionTestExecutionListener@19fee2f1, org.springframework.test.context.support.DirtiesContextTestExecutionListener@5688347e, org.springframework.test.context.transaction.TransactionalTestExecutionListener@6a460838, org.springframework.test.context.jdbc.SqlScriptsTestExecutionListener@660f3918, org.springframework.test.context.event.EventPublishingTestExecutionListener@808a642, org.springframework.boot.test.autoconfigure.restdocs.RestDocsTestExecutionListener@1f3448f9, org.springframework.boot.test.autoconfigure.web.client.MockRestServiceServerResetTestExecutionListener@45e984ef, org.springframework.boot.test.autoconfigure.web.servlet.MockMvcPrintOnlyOnFailureTestExecutionListener@5ab1a2b3, org.springframework.boot.test.autoconfigure.web.servlet.WebDriverTestExecutionListener@17c62511, org.springframework.boot.test.mock.mockito.ResetMocksTestExecutionListener@2a08d490]
08:57:10.659 [Test worker] DEBUG org.springframework.test.annotation.ProfileValueUtils - Retrieved @ProfileValueSourceConfiguration [null] for test class [com.mindex.challenge.service.impl.ReportingStructureServiceImplTest]
08:57:10.660 [Test worker] DEBUG org.springframework.test.annotation.ProfileValueUtils - Retrieved ProfileValueSource type [class org.springframework.test.annotation.SystemProfileValueSource] for class [com.mindex.challenge.service.impl.ReportingStructureServiceImplTest]
08:57:10.662 [Test worker] DEBUG org.springframework.test.annotation.ProfileValueUtils - Retrieved @ProfileValueSourceConfiguration [null] for test class [com.mindex.challenge.service.impl.ReportingStructureServiceImplTest]
08:57:10.663 [Test worker] DEBUG org.springframework.test.annotation.ProfileValueUtils - Retrieved ProfileValueSource type [class org.springframework.test.annotation.SystemProfileValueSource] for class [com.mindex.challenge.service.impl.ReportingStructureServiceImplTest]
08:57:10.664 [Test worker] DEBUG org.springframework.test.annotation.ProfileValueUtils - Retrieved @ProfileValueSourceConfiguration [null] for test class [com.mindex.challenge.service.impl.ReportingStructureServiceImplTest]
08:57:10.664 [Test worker] DEBUG org.springframework.test.annotation.ProfileValueUtils - Retrieved ProfileValueSource type [class org.springframework.test.annotation.SystemProfileValueSource] for class [com.mindex.challenge.service.impl.ReportingStructureServiceImplTest]
08:57:10.668 [Test worker] DEBUG org.springframework.test.context.support.AbstractDirtiesContextTestExecutionListener - Before test class: context [DefaultTestContext@2643560c testClass = ReportingStructureServiceImplTest, testInstance = [null], testMethod = [null], testException = [null], mergedContextConfiguration = [WebMergedContextConfiguration@11449424 testClass = ReportingStructureServiceImplTest, locations = '{}', classes = '{class com.mindex.challenge.ChallengeApplication}', contextInitializerClasses = '[]', activeProfiles = '{}', propertySourceLocations = '{}', propertySourceProperties = '{org.springframework.boot.test.context.SpringBootTestContextBootstrapper=true, server.port=0}', contextCustomizers = set[org.springframework.boot.test.autoconfigure.properties.PropertyMappingContextCustomizer@0, org.springframework.boot.test.autoconfigure.web.servlet.WebDriverContextCustomizerFactory$Customizer@67133ae8, org.springframework.boot.test.context.filter.ExcludeFilterContextCustomizer@245bd849, org.springframework.boot.test.json.DuplicateJsonObjectContextCustomizerFactory$DuplicateJsonObjectContextCustomizer@6862ea03, org.springframework.boot.test.mock.mockito.MockitoContextCustomizer@0, org.springframework.boot.test.web.client.TestRestTemplateContextCustomizer@1954a0b2], resourceBasePath = 'src/main/webapp', contextLoader = 'org.springframework.boot.test.context.SpringBootContextLoader', parent = [null]], attributes = map['org.springframework.test.context.web.ServletTestExecutionListener.activateListener' -> false]], class annotated with @DirtiesContext [false] with mode [null].
08:57:10.671 [Test worker] DEBUG org.springframework.test.annotation.ProfileValueUtils - Retrieved @ProfileValueSourceConfiguration [null] for test class [com.mindex.challenge.service.impl.ReportingStructureServiceImplTest]
08:57:10.671 [Test worker] DEBUG org.springframework.test.annotation.ProfileValueUtils - Retrieved ProfileValueSource type [class org.springframework.test.annotation.SystemProfileValueSource] for class [com.mindex.challenge.service.impl.ReportingStructureServiceImplTest]
08:57:10.676 [Test worker] DEBUG org.springframework.test.context.support.DependencyInjectionTestExecutionListener - Performing dependency injection for test context [[DefaultTestContext@2643560c testClass = ReportingStructureServiceImplTest, testInstance = com.mindex.challenge.service.impl.ReportingStructureServiceImplTest@6c8bd3ab, testMethod = [null], testException = [null], mergedContextConfiguration = [WebMergedContextConfiguration@11449424 testClass = ReportingStructureServiceImplTest, locations = '{}', classes = '{class com.mindex.challenge.ChallengeApplication}', contextInitializerClasses = '[]', activeProfiles = '{}', propertySourceLocations = '{}', propertySourceProperties = '{org.springframework.boot.test.context.SpringBootTestContextBootstrapper=true, server.port=0}', contextCustomizers = set[org.springframework.boot.test.autoconfigure.properties.PropertyMappingContextCustomizer@0, org.springframework.boot.test.autoconfigure.web.servlet.WebDriverContextCustomizerFactory$Customizer@67133ae8, org.springframework.boot.test.context.filter.ExcludeFilterContextCustomizer@245bd849, org.springframework.boot.test.json.DuplicateJsonObjectContextCustomizerFactory$DuplicateJsonObjectContextCustomizer@6862ea03, org.springframework.boot.test.mock.mockito.MockitoContextCustomizer@0, org.springframework.boot.test.web.client.TestRestTemplateContextCustomizer@1954a0b2], resourceBasePath = 'src/main/webapp', contextLoader = 'org.springframework.boot.test.context.SpringBootContextLoader', parent = [null]], attributes = map['org.springframework.test.context.web.ServletTestExecutionListener.activateListener' -> false]]].
08:57:10.707 [Test worker] DEBUG org.springframework.test.context.support.TestPropertySourceUtils - Adding inlined properties to environment: {spring.jmx.enabled=false, org.springframework.boot.test.context.SpringBootTestContextBootstrapper=true, server.port=0}

  .   ____          _            __ _ _
 /\\ / ___'_ __ _ _(_)_ __  __ _ \ \ \ \
( ( )\___ | '_ | '_| | '_ \/ _` | \ \ \ \
 \\/  ___)| |_)| | | | | || (_| |  ) ) ) )
  '  |____| .__|_| |_|_| |_\__, | / / / /
 =========|_|==============|___/=/_/_/_/
 :: Spring Boot ::        (v2.2.0.RELEASE)

2023-12-11 08:57:11.107  INFO 21994 --- [    Test worker] .c.s.i.ReportingStructureServiceImplTest : Starting ReportingStructureServiceImplTest on Pigers-MBP with PID 21994 (started by pigerapps in /Users/pigerapps/Downloads/mindex-java-code-challenge)
2023-12-11 08:57:11.109 DEBUG 21994 --- [    Test worker] .c.s.i.ReportingStructureServiceImplTest : Running with Spring Boot v2.2.0.RELEASE, Spring v5.2.0.RELEASE
2023-12-11 08:57:11.111  INFO 21994 --- [    Test worker] .c.s.i.ReportingStructureServiceImplTest : No active profile set, falling back to default profiles: default
2023-12-11 08:57:11.760  INFO 21994 --- [    Test worker] .s.d.r.c.RepositoryConfigurationDelegate : Bootstrapping Spring Data repositories in DEFAULT mode.
2023-12-11 08:57:11.823  INFO 21994 --- [    Test worker] .s.d.r.c.RepositoryConfigurationDelegate : Finished Spring Data repository scanning in 54ms. Found 2 repository interfaces.
2023-12-11 08:57:12.725  INFO 21994 --- [    Test worker] o.s.b.w.embedded.tomcat.TomcatWebServer  : Tomcat initialized with port(s): 0 (http)
2023-12-11 08:57:12.739  INFO 21994 --- [    Test worker] o.apache.catalina.core.StandardService   : Starting service [Tomcat]
2023-12-11 08:57:12.740  INFO 21994 --- [    Test worker] org.apache.catalina.core.StandardEngine  : Starting Servlet engine: [Apache Tomcat/9.0.27]
2023-12-11 08:57:12.847  INFO 21994 --- [    Test worker] o.a.c.c.C.[Tomcat].[localhost].[/]       : Initializing Spring embedded WebApplicationContext
2023-12-11 08:57:12.847  INFO 21994 --- [    Test worker] o.s.web.context.ContextLoader            : Root WebApplicationContext: initialization completed in 1689 ms
2023-12-11 08:57:13.247  INFO 21994 --- [    Test worker] de.bwaldvogel.mongo.MongoServer          : started MongoServer(port: 60500, ssl: false)
2023-12-11 08:57:13.336  INFO 21994 --- [    Test worker] org.mongodb.driver.cluster               : Cluster created with settings {hosts=[127.0.0.1:60500], mode=SINGLE, requiredClusterType=UNKNOWN, serverSelectionTimeout='30000 ms', maxWaitQueueSize=500}
2023-12-11 08:57:13.418  INFO 21994 --- [-server-worker1] d.b.mongo.wire.MongoWireProtocolHandler  : client [id: 0x2462aa43, L:/127.0.0.1:60500 - R:/127.0.0.1:60501] connected
2023-12-11 08:57:13.502  WARN 21994 --- [    Test worker] o.s.data.convert.CustomConversions       : Registering converter from class java.time.LocalDateTime to class java.time.Instant as reading converter although it doesn't convert from a store-supported type! You might wanna check you annotation setup at the converter implementation.
2023-12-11 08:57:13.502  WARN 21994 --- [    Test worker] o.s.data.convert.CustomConversions       : Registering converter from class java.time.Instant to class java.time.LocalDateTime as reading converter although it doesn't convert from a store-supported type! You might wanna check you annotation setup at the converter implementation.
2023-12-11 08:57:13.512  INFO 21994 --- [127.0.0.1:60500] org.mongodb.driver.connection            : Opened connection [connectionId{localValue:1}] to 127.0.0.1:60500
2023-12-11 08:57:13.512  WARN 21994 --- [    Test worker] o.s.data.convert.CustomConversions       : Registering converter from class java.time.LocalDateTime to class java.time.Instant as reading converter although it doesn't convert from a store-supported type! You might wanna check you annotation setup at the converter implementation.
2023-12-11 08:57:13.512  WARN 21994 --- [    Test worker] o.s.data.convert.CustomConversions       : Registering converter from class java.time.Instant to class java.time.LocalDateTime as reading converter although it doesn't convert from a store-supported type! You might wanna check you annotation setup at the converter implementation.
2023-12-11 08:57:13.516  INFO 21994 --- [127.0.0.1:60500] org.mongodb.driver.cluster               : Monitor thread successfully connected to server with description ServerDescription{address=127.0.0.1:60500, type=STANDALONE, state=CONNECTED, ok=true, version=ServerVersion{versionList=[3, 0, 0]}, minWireVersion=0, maxWireVersion=2, maxDocumentSize=16777216, logicalSessionTimeoutMinutes=null, roundTripTimeNanos=2492974}
2023-12-11 08:57:13.925  INFO 21994 --- [-server-worker2] d.b.mongo.wire.MongoWireProtocolHandler  : client [id: 0x6b437dd4, L:/127.0.0.1:60500 - R:/127.0.0.1:60502] connected
2023-12-11 08:57:13.938  INFO 21994 --- [    Test worker] org.mongodb.driver.connection            : Opened connection [connectionId{localValue:2}] to 127.0.0.1:60500
2023-12-11 08:57:13.959  INFO 21994 --- [-server-worker2] d.b.mongo.backend.AbstractMongoBackend   : created database test
2023-12-11 08:57:13.969  INFO 21994 --- [-server-worker2] d.b.mongo.backend.AbstractMongoDatabase  : adding unique _id index for collection employee
2023-12-11 08:57:13.970  INFO 21994 --- [-server-worker2] d.b.mongo.backend.AbstractMongoDatabase  : created collection test.employee
2023-12-11 08:57:14.247  INFO 21994 --- [    Test worker] o.s.s.concurrent.ThreadPoolTaskExecutor  : Initializing ExecutorService 'applicationTaskExecutor'
2023-12-11 08:57:14.484  WARN 21994 --- [    Test worker] o.s.data.convert.CustomConversions       : Registering converter from class java.time.LocalDateTime to class java.time.Instant as reading converter although it doesn't convert from a store-supported type! You might wanna check you annotation setup at the converter implementation.
2023-12-11 08:57:14.484  WARN 21994 --- [    Test worker] o.s.data.convert.CustomConversions       : Registering converter from class java.time.Instant to class java.time.LocalDateTime as reading converter although it doesn't convert from a store-supported type! You might wanna check you annotation setup at the converter implementation.
2023-12-11 08:57:14.506  WARN 21994 --- [    Test worker] o.s.data.convert.CustomConversions       : Registering converter from class java.time.LocalDateTime to class java.time.Instant as reading converter although it doesn't convert from a store-supported type! You might wanna check you annotation setup at the converter implementation.
2023-12-11 08:57:14.506  WARN 21994 --- [    Test worker] o.s.data.convert.CustomConversions       : Registering converter from class java.time.Instant to class java.time.LocalDateTime as reading converter although it doesn't convert from a store-supported type! You might wanna check you annotation setup at the converter implementation.
2023-12-11 08:57:14.608  INFO 21994 --- [    Test worker] o.s.b.w.embedded.tomcat.TomcatWebServer  : Tomcat started on port(s): 60503 (http) with context path ''
2023-12-11 08:57:14.612  INFO 21994 --- [    Test worker] .c.s.i.ReportingStructureServiceImplTest : Started ReportingStructureServiceImplTest in 3.901 seconds (JVM running for 5.26)
2023-12-11 08:57:15.198  INFO 21994 --- [o-auto-1-exec-1] o.a.c.c.C.[Tomcat].[localhost].[/]       : Initializing Spring DispatcherServlet 'dispatcherServlet'
2023-12-11 08:57:15.199  INFO 21994 --- [o-auto-1-exec-1] o.s.web.servlet.DispatcherServlet        : Initializing Servlet 'dispatcherServlet'
2023-12-11 08:57:15.219  INFO 21994 --- [o-auto-1-exec-1] o.s.web.servlet.DispatcherServlet        : Completed initialization in 20 ms
2023-12-11 08:57:15.250 DEBUG 21994 --- [o-auto-1-exec-1] c.m.c.controller.EmployeeController      : Received employee create request for [com.mindex.challenge.data.Employee@77255eae]
2023-12-11 08:57:15.250 DEBUG 21994 --- [o-auto-1-exec-1] c.m.c.service.impl.EmployeeServiceImpl   : Creating employee [com.mindex.challenge.data.Employee@77255eae]
2023-12-11 08:57:15.275 DEBUG 21994 --- [o-auto-1-exec-2] c.m.c.controller.EmployeeController      : Received employee create request for [com.mindex.challenge.data.Employee@7920cef4]
2023-12-11 08:57:15.275 DEBUG 21994 --- [o-auto-1-exec-2] c.m.c.service.impl.EmployeeServiceImpl   : Creating employee [com.mindex.challenge.data.Employee@7920cef4]
2023-12-11 08:57:15.286 DEBUG 21994 --- [o-auto-1-exec-3] c.m.c.controller.EmployeeController      : Received employee create request for [com.mindex.challenge.data.Employee@5c060294]
2023-12-11 08:57:15.286 DEBUG 21994 --- [o-auto-1-exec-3] c.m.c.service.impl.EmployeeServiceImpl   : Creating employee [com.mindex.challenge.data.Employee@5c060294]
2023-12-11 08:57:15.300 DEBUG 21994 --- [o-auto-1-exec-4] c.m.c.controller.EmployeeController      : Received employee reporting structure get request for id [0014d109-dfcd-46a5-bd0d-343bdb3ef6ea]
2023-12-11 08:57:15.301 DEBUG 21994 --- [o-auto-1-exec-4] c.m.c.service.impl.EmployeeServiceImpl   : Creating employee with id [0014d109-dfcd-46a5-bd0d-343bdb3ef6ea]
]]></system-out>
  <system-err><![CDATA[]]></system-err>
</testsuite>
